<?xml version="1.0" encoding="UTF-8"?>
<testng-results ignored="0" total="1" passed="1" failed="0" skipped="0">
  <reporter-output>
  </reporter-output>
  <suite started-at="2024-05-26T11:49:07 IST" name="Default suite" finished-at="2024-05-26T11:49:13 IST" duration-ms="5929">
    <groups>
    </groups>
    <test started-at="2024-05-26T11:49:07 IST" name="Default test" finished-at="2024-05-26T11:49:13 IST" duration-ms="5929">
      <class name="com.RestDemos.D13DeleteDemo">
        <test-method signature="deleteRequest()[pri:0, instance:com.RestDemos.D13DeleteDemo@10959ece]" started-at="2024-05-26T11:49:07 IST" name="deleteRequest" finished-at="2024-05-26T11:49:13 IST" duration-ms="5834" status="PASS">
          <reporter-output>
          </reporter-output>
        </test-method> <!-- deleteRequest -->
      </class> <!-- com.RestDemos.D13DeleteDemo -->
    </test> <!-- Default test -->
  </suite> <!-- Default suite -->
</testng-results>
